Calling function Printer::Printer
Calling function Printer::PrinterConnection
Calling function Printer::getPrinter
Printer::getPrinterAddress of onlyPrinter0x8049274
Calling function Printer::Print
Calling function Printer::PrinterConnection
Calling function Printer::getPrinter
Printer::getPrinterAddress of onlyPrinter0x8049274
Calling function Printer::Print
Calling function Printer::PrinterConnection
Calling function Printer::getPrinter
Printer::getPrinterAddress of onlyPrinter0x8049274
Calling function Printer::Print
Calling function Printer::~Printer
Calling function Printer::~PrinterConnection
Calling function Printer::~Printer
Calling function Printer::~PrinterConnection
Calling function Printer::~Printer
Calling function Printer::~PrinterConnection
Calling function Printer::~Printer
